12:40:13 - Compilation complete. Watching for file changes.
12:40:22 - File change detected. Starting incremental compilation...
12:40:22 - Compilation complete. Watching for file changes.
12:47:49 - File change detected. Starting incremental compilation...
12:47:50 - Compilation complete. Watching for file changes.
12:48:31 - File change detected. Starting incremental compilation...
12:48:32 - Compilation complete. Watching for file changes.
12:49:25 - File change detected. Starting incremental compilation...
12:49:26 - Compilation complete. Watching for file changes.
12:49:56 - File change detected. Starting incremental compilation...
12:49:57 - Compilation complete. Watching for file changes.
12:50:23 - File change detected. Starting incremental compilation...
12:50:24 - Compilation complete. Watching for file changes.
12:51:20 - File change detected. Starting incremental compilation...
12:51:21 - Compilation complete. Watching for file changes.
12:52:40 - File change detected. Starting incremental compilation...
12:52:41 - Compilation complete. Watching for file changes.
12:52:45 - File change detected. Starting incremental compilation...
12:52:46 - Compilation complete. Watching for file changes.
12:52:58 - File change detected. Starting incremental compilation...
modules/core/ui.ts(23,26): error TS2304: Cannot find name 'funcName'.
12:52:59 - Compilation complete. Watching for file changes.
12:53:07 - File change detected. Starting incremental compilation...
12:53:08 - Compilation complete. Watching for file changes.
12:54:02 - File change detected. Starting incremental compilation...
modules/core/ui.ts(55,27): error TS2304: Cannot find name 'isCalled'.
modules/core/ui.ts(58,9): error TS2304: Cannot find name 'markCalled'.
modules/core/ui.ts(112,13): error TS2304: Cannot find name 'isCalled'.
modules/core/ui.ts(115,9): error TS2304: Cannot find name 'markCalled'.
12:54:03 - Compilation complete. Watching for file changes.
12:54:34 - File change detected. Starting incremental compilation...
modules/core/ui.ts(58,27): error TS2304: Cannot find name 'isCalled'.
modules/core/ui.ts(61,9): error TS2304: Cannot find name 'markCalled'.
modules/core/ui.ts(117,13): error TS2304: Cannot find name 'isCalled'.
modules/core/ui.ts(120,9): error TS2304: Cannot find name 'markCalled'.
12:54:34 - Compilation complete. Watching for file changes.
12:54:37 - File change detected. Starting incremental compilation...
modules/core/ui.ts(58,27): error TS2304: Cannot find name 'isCalled'.
modules/core/ui.ts(61,9): error TS2304: Cannot find name 'markCalled'.
12:54:38 - Compilation complete. Watching for file changes.
12:54:46 - File change detected. Starting incremental compilation...
12:54:47 - Compilation complete. Watching for file changes.
12:54:51 - File change detected. Starting incremental compilation...
12:54:52 - Compilation complete. Watching for file changes.
12:55:33 - File change detected. Starting incremental compilation...
12:55:34 - Compilation complete. Watching for file changes.
12:55:42 - Compilation complete. Watching for file changes.
12:56:35 - File change detected. Starting incremental compilation...
12:56:35 - File change detected. Starting incremental compilation...
12:56:36 - Compilation complete. Watching for file changes.
12:56:37 - Compilation complete. Watching for file changes.
12:57:10 - File change detected. Starting incremental compilation...
12:57:10 - File change detected. Starting incremental compilation...
12:57:11 - Compilation complete. Watching for file changes.
12:57:11 - Compilation complete. Watching for file changes.
13:00:15 - File change detected. Starting incremental compilation...
13:00:15 - File change detected. Starting incremental compilation...
13:00:16 - Compilation complete. Watching for file changes.
13:00:16 - Compilation complete. Watching for file changes.
13:01:00 - File change detected. Starting incremental compilation...
13:01:00 - File change detected. Starting incremental compilation...
modules/home/product.ts(122,5): error TS2304: Cannot find name 'enableBounceTopForAndroid'.
13:01:01 - Compilation complete. Watching for file changes.
modules/home/product.ts(122,5): error TS2304: Cannot find name 'enableBounceTopForAndroid'.
13:01:01 - Compilation complete. Watching for file changes.
13:01:55 - File change detected. Starting incremental compilation...
13:01:55 - File change detected. Starting incremental compilation...
13:01:56 - Compilation complete. Watching for file changes.
13:01:56 - Compilation complete. Watching for file changes.
13:06:33 - File change detected. Starting incremental compilation...
13:06:33 - File change detected. Starting incremental compilation...
13:06:33 - Compilation complete. Watching for file changes.
13:06:33 - Compilation complete. Watching for file changes.
13:16:28 - File change detected. Starting incremental compilation...
13:16:28 - File change detected. Starting incremental compilation...
13:16:28 - Compilation complete. Watching for file changes.
13:16:28 - Compilation complete. Watching for file changes.
